<?xml version="1.0" encoding="UTF-8"?>
<!-- Generated by org.testng.reporters.JUnitXMLReporter -->
<testsuite ignored="0" hostname="Kamlesh" failures="0" tests="4" name="Test" time="8.448" errors="0" timestamp="2023-06-03T19:14:29 IST">
  <testcase classname="APIChaining.createUser" name="test_createUser" time="6.9"/>
  <testcase classname="APIChaining.updateUser" name="test_updateUser" time="0.739"/>
  <testcase classname="APIChaining.getUser" name="test_getuser" time="0.378"/>
  <testcase classname="APIChaining.deleteUser" name="test_deleteuser" time="0.276"/>
</testsuite> <!-- Test -->
