<?xml version="1.0" encoding="UTF-8"?>
<!-- Generated by org.testng.reporters.JUnitXMLReporter -->
<testsuite ignored="0" hostname="Kamlesh" failures="0" tests="4" name="Test" time="7.253" errors="0" timestamp="2023-06-04T12:25:45 IST">
  <testcase classname="APIChaining.createUser" name="test_createUser" time="5.73"/>
  <testcase classname="APIChaining.updateUser" name="test_updateUser" time="0.689"/>
  <testcase classname="APIChaining.getUser" name="test_getuser" time="0.291"/>
  <testcase classname="APIChaining.deleteUser" name="test_deleteuser" time="0.354"/>
</testsuite> <!-- Test -->
