<?xml version="1.0" encoding="UTF-8"?>
<testsuite xmlns:xsi="http://www.w3.org/2001/XMLSchema-instance" xsi:noNamespaceSchemaLocation="https://maven.apache.org/surefire/maven-surefire-plugin/xsd/surefire-test-report-3.0.xsd" version="3.0" name="TestSuite" time="8.741" tests="4" errors="0" skipped="0" failures="0">
  <properties>
[...]
</properties>
  <testcase name="test_createUser[org.testng.TestRunner@57bc27f5](1)" classname="APIChaining.createUser" time="5.73">
    <system-out><![CDATA[Generated id : 2502232
]]></system-out>
    <system-err><![CDATA[SLF4J: Failed to load class "org.slf4j.impl.StaticLoggerBinder".
SLF4J: Defaulting to no-operation (NOP) logger implementation
SLF4J: See http://www.slf4j.org/codes.html#StaticLoggerBinder for further details.
]]></system-err>
  </testcase>
  <testcase name="test_updateUser[org.testng.TestRunner@57bc27f5](1)" classname="APIChaining.updateUser" time="0.739">
    <system-out><![CDATA[{
    "email": "kasey.collins@hotmail.com",
    "name": "Toney Walsh",
    "gender": "female",
    "status": "active",
    "id": 2502232
}
]]></system-out>
  </testcase>
  <testcase name="test_getuser[org.testng.TestRunner@57bc27f5](1)" classname="APIChaining.getUser" time="0.255">
    <system-out><![CDATA[{
    "id": 2502232,
    "name": "Toney Walsh",
    "email": "kasey.collins@hotmail.com",
    "gender": "female",
    "status": "active"
}
]]></system-out>
  </testcase>
  <testcase name="test_deleteuser[org.testng.TestRunner@57bc27f5](1)" classname="APIChaining.deleteUser" time="0.344">
    <system-out><![CDATA[
]]></system-out>
  </testcase>
</testsuite>