<?xml version="1.0" encoding="UTF-8"?>
<testng-results ignored="0" total="4" passed="4" failed="0" skipped="0">
  <reporter-output>
  </reporter-output>
  <suite started-at="2023-06-04T12:25:37 IST" name="Suite" finished-at="2023-06-04T12:25:44 IST" duration-ms="7253">
    <groups>
    </groups>
    <test started-at="2023-06-04T12:25:37 IST" name="Test" finished-at="2023-06-04T12:25:44 IST" duration-ms="7253">
      <class name="APIChaining.createUser">
        <test-method signature="test_createUser(org.testng.ITestContext)[pri:0, instance:APIChaining.createUser@593aaf41]" started-at="2023-06-04T12:25:37 IST" name="test_createUser" finished-at="2023-06-04T12:25:43 IST" duration-ms="5730" status="PASS">
          <params>
            <param index="0">
              <value>
                <![CDATA[org.testng.TestRunner@57bc27f5]]>
              </value>
            </param>
          </params>
          <reporter-output>
          </reporter-output>
        </test-method> <!-- test_createUser -->
      </class> <!-- APIChaining.createUser -->
      <class name="APIChaining.deleteUser">
        <test-method signature="test_deleteuser(org.testng.ITestContext)[pri:0, instance:APIChaining.deleteUser@729d991e]" started-at="2023-06-04T12:25:44 IST" name="test_deleteuser" finished-at="2023-06-04T12:25:44 IST" duration-ms="354" status="PASS">
          <params>
            <param index="0">
              <value>
                <![CDATA[org.testng.TestRunner@57bc27f5]]>
              </value>
            </param>
          </params>
          <reporter-output>
          </reporter-output>
        </test-method> <!-- test_deleteuser -->
      </class> <!-- APIChaining.deleteUser -->
      <class name="APIChaining.getUser">
        <test-method signature="test_getuser(org.testng.ITestContext)[pri:0, instance:APIChaining.getUser@1de5f259]" started-at="2023-06-04T12:25:44 IST" name="test_getuser" finished-at="2023-06-04T12:25:44 IST" duration-ms="291" status="PASS">
          <params>
            <param index="0">
              <value>
                <![CDATA[org.testng.TestRunner@57bc27f5]]>
              </value>
            </param>
          </params>
          <reporter-output>
          </reporter-output>
        </test-method> <!-- test_getuser -->
      </class> <!-- APIChaining.getUser -->
      <class name="APIChaining.updateUser">
        <test-method signature="test_updateUser(org.testng.ITestContext)[pri:0, instance:APIChaining.updateUser@3e11f9e9]" started-at="2023-06-04T12:25:43 IST" name="test_updateUser" finished-at="2023-06-04T12:25:44 IST" duration-ms="689" status="PASS">
          <params>
            <param index="0">
              <value>
                <![CDATA[org.testng.TestRunner@57bc27f5]]>
              </value>
            </param>
          </params>
          <reporter-output>
          </reporter-output>
        </test-method> <!-- test_updateUser -->
      </class> <!-- APIChaining.updateUser -->
    </test> <!-- Test -->
  </suite> <!-- Suite -->
</testng-results>
