<?xml version="1.0" encoding="UTF-8"?>
<testng-results ignored="0" total="4" passed="4" failed="0" skipped="0">
  <reporter-output>
  </reporter-output>
  <suite started-at="2023-06-03T19:14:20 IST" name="Suite" finished-at="2023-06-03T19:14:29 IST" duration-ms="8448">
    <groups>
    </groups>
    <test started-at="2023-06-03T19:14:20 IST" name="Test" finished-at="2023-06-03T19:14:29 IST" duration-ms="8448">
      <class name="APIChaining.createUser">
        <test-method signature="test_createUser(org.testng.ITestContext)[pri:0, instance:APIChaining.createUser@6973b51b]" started-at="2023-06-03T19:14:20 IST" name="test_createUser" finished-at="2023-06-03T19:14:27 IST" duration-ms="6900" status="PASS">
          <params>
            <param index="0">
              <value>
                <![CDATA[org.testng.TestRunner@7c9d8e2]]>
              </value>
            </param>
          </params>
          <reporter-output>
          </reporter-output>
        </test-method> <!-- test_createUser -->
      </class> <!-- APIChaining.createUser -->
      <class name="APIChaining.deleteUser">
        <test-method signature="test_deleteuser(org.testng.ITestContext)[pri:0, instance:APIChaining.deleteUser@dbf57b3]" started-at="2023-06-03T19:14:29 IST" name="test_deleteuser" finished-at="2023-06-03T19:14:29 IST" duration-ms="276" status="PASS">
          <params>
            <param index="0">
              <value>
                <![CDATA[org.testng.TestRunner@7c9d8e2]]>
              </value>
            </param>
          </params>
          <reporter-output>
          </reporter-output>
        </test-method> <!-- test_deleteuser -->
      </class> <!-- APIChaining.deleteUser -->
      <class name="APIChaining.getUser">
        <test-method signature="test_getuser(org.testng.ITestContext)[pri:0, instance:APIChaining.getUser@123ef382]" started-at="2023-06-03T19:14:28 IST" name="test_getuser" finished-at="2023-06-03T19:14:29 IST" duration-ms="378" status="PASS">
          <params>
            <param index="0">
              <value>
                <![CDATA[org.testng.TestRunner@7c9d8e2]]>
              </value>
            </param>
          </params>
          <reporter-output>
          </reporter-output>
        </test-method> <!-- test_getuser -->
      </class> <!-- APIChaining.getUser -->
      <class name="APIChaining.updateUser">
        <test-method signature="test_updateUser(org.testng.ITestContext)[pri:0, instance:APIChaining.updateUser@f5ac9e4]" started-at="2023-06-03T19:14:27 IST" name="test_updateUser" finished-at="2023-06-03T19:14:28 IST" duration-ms="739" status="PASS">
          <params>
            <param index="0">
              <value>
                <![CDATA[org.testng.TestRunner@7c9d8e2]]>
              </value>
            </param>
          </params>
          <reporter-output>
          </reporter-output>
        </test-method> <!-- test_updateUser -->
      </class> <!-- APIChaining.updateUser -->
    </test> <!-- Test -->
  </suite> <!-- Suite -->
</testng-results>
